# JRE version: Java(TM) SE Runtime Environment (16.0.1+9) (build 16.0.1+9-24)
# Java VM: Java HotSpot(TM) 64-Bit Server VM (16.0.1+9-24, mixed mode, sharing, tiered, compressed oops, compressed class ptrs, g1 gc, windows-amd64)
GC Precious Log:
 CPUs: 4 total, 4 available
 Memory: 8073M
 Large Page Support: Disabled
 NUMA Support: Disabled
 Compressed Oops: Enabled (Zero based)
 Heap Region Size: 16M
 Heap Min Capacity: 144M
 Heap Initial Capacity: 144M
 Heap Max Capacity: 4688M
 Pre-touch: Disabled
 Parallel Workers: 4
 Concurrent Workers: 1
 Concurrent Refinement Workers: 4
 Periodic GC: Disabled
Heap:
 garbage-first heap   total 2785280K, used 309045K [0x00000006db000000, 0x0000000800000000)
  region size 16384K, 8 young (131072K), 1 survivors (16384K)
 Metaspace       used 55004K, committed 55424K, reserved 1097728K
  class space    used 7483K, committed 7680K, reserved 1048576K
GC Heap History (20 events):
Event: 36.855 GC heap before
{Heap before GC invocations=197 (full 0):
 garbage-first heap   total 2785280K, used 325235K [0x00000006db000000, 0x0000000800000000)
  region size 16384K, 8 young (131072K), 1 survivors (16384K)
 Metaspace       used 55003K, committed 55424K, reserved 1097728K
  class space    used 7483K, committed 7680K, reserved 1048576K
}
Event: 36.856 GC heap after
{Heap after GC invocations=198 (full 0):
 garbage-first heap   total 2785280K, used 210566K [0x00000006db000000, 0x0000000800000000)
  region size 16384K, 1 young (16384K), 1 survivors (16384K)
 Metaspace       used 55003K, committed 55424K, reserved 1097728K
  class space    used 7483K, committed 7680K, reserved 1048576K
}
Event: 37.027 GC heap before
{Heap before GC invocations=198 (full 0):
 garbage-first heap   total 2785280K, used 325254K [0x00000006db000000, 0x0000000800000000)
  region size 16384K, 8 young (131072K), 1 survivors (16384K)
 Metaspace       used 55003K, committed 55424K, reserved 1097728K
  class space    used 7483K, committed 7680K, reserved 1048576K
}
Event: 37.028 GC heap after
{Heap after GC invocations=199 (full 0):
 garbage-first heap   total 2785280K, used 210620K [0x00000006db000000, 0x0000000800000000)
  region size 16384K, 1 young (16384K), 1 survivors (16384K)
 Metaspace       used 55003K, committed 55424K, reserved 1097728K
  class space    used 7483K, committed 7680K, reserved 1048576K
}
Event: 37.127 GC heap before
{Heap before GC invocations=199 (full 0):
 garbage-first heap   total 2785280K, used 325308K [0x00000006db000000, 0x0000000800000000)
  region size 16384K, 8 young (131072K), 1 survivors (16384K)
 Metaspace       used 55003K, committed 55424K, reserved 1097728K
  class space    used 7483K, committed 7680K, reserved 1048576K
}
Event: 37.128 GC heap after
{Heap after GC invocations=200 (full 0):
 garbage-first heap   total 2785280K, used 210637K [0x00000006db000000, 0x0000000800000000)
  region size 16384K, 1 young (16384K), 1 survivors (16384K)
 Metaspace       used 55003K, committed 55424K, reserved 1097728K
  class space    used 7483K, committed 7680K, reserved 1048576K
}
Event: 37.239 GC heap before
{Heap before GC invocations=200 (full 0):
 garbage-first heap   total 2785280K, used 325325K [0x00000006db000000, 0x0000000800000000)
  region size 16384K, 8 young (131072K), 1 survivors (16384K)
 Metaspace       used 55004K, committed 55424K, reserved 1097728K
  class space    used 7483K, committed 7680K, reserved 1048576K
}
Event: 37.240 GC heap after
{Heap after GC invocations=201 (full 0):
 garbage-first heap   total 2785280K, used 210642K [0x00000006db000000, 0x0000000800000000)
  region size 16384K, 1 young (16384K), 1 survivors (16384K)
 Metaspace       used 55004K, committed 55424K, reserved 1097728K
  class space    used 7483K, committed 7680K, reserved 1048576K
}
Event: 37.337 GC heap before
{Heap before GC invocations=201 (full 0):
 garbage-first heap   total 2785280K, used 325330K [0x00000006db000000, 0x0000000800000000)
  region size 16384K, 8 young (131072K), 1 survivors (16384K)
 Metaspace       used 55004K, committed 55424K, reserved 1097728K
  class space    used 7483K, committed 7680K, reserved 1048576K
}
Event: 37.338 GC heap after
{Heap after GC invocations=202 (full 0):
 garbage-first heap   total 2785280K, used 210654K [0x00000006db000000, 0x0000000800000000)
  region size 16384K, 1 young (16384K), 1 survivors (16384K)
 Metaspace       used 55004K, committed 55424K, reserved 1097728K
  class space    used 7483K, committed 7680K, reserved 1048576K
}
Event: 37.403 GC heap before
{Heap before GC invocations=202 (full 0):
 garbage-first heap   total 2785280K, used 325342K [0x00000006db000000, 0x0000000800000000)
  region size 16384K, 8 young (131072K), 1 survivors (16384K)
 Metaspace       used 55004K, committed 55424K, reserved 1097728K
  class space    used 7483K, committed 7680K, reserved 1048576K
}
Event: 37.404 GC heap after
{Heap after GC invocations=203 (full 0):
 garbage-first heap   total 2785280K, used 210677K [0x00000006db000000, 0x0000000800000000)
  region size 16384K, 1 young (16384K), 1 survivors (16384K)
 Metaspace       used 55004K, committed 55424K, reserved 1097728K
  class space    used 7483K, committed 7680K, reserved 1048576K
}
Event: 37.463 GC heap before
{Heap before GC invocations=203 (full 0):
 garbage-first heap   total 2785280K, used 325365K [0x00000006db000000, 0x0000000800000000)
  region size 16384K, 8 young (131072K), 1 survivors (16384K)
 Metaspace       used 55004K, committed 55424K, reserved 1097728K
  class space    used 7483K, committed 7680K, reserved 1048576K
}
Event: 37.464 GC heap after
{Heap after GC invocations=204 (full 0):
 garbage-first heap   total 2785280K, used 210690K [0x00000006db000000, 0x0000000800000000)
  region size 16384K, 1 young (16384K), 1 survivors (16384K)
 Metaspace       used 55004K, committed 55424K, reserved 1097728K
  class space    used 7483K, committed 7680K, reserved 1048576K
}
Event: 37.517 GC heap before
{Heap before GC invocations=204 (full 0):
 garbage-first heap   total 2785280K, used 325378K [0x00000006db000000, 0x0000000800000000)
  region size 16384K, 8 young (131072K), 1 survivors (16384K)
 Metaspace       used 55004K, committed 55424K, reserved 1097728K
  class space    used 7483K, committed 7680K, reserved 1048576K
}
Event: 37.518 GC heap after
{Heap after GC invocations=205 (full 0):
 garbage-first heap   total 2785280K, used 210688K [0x00000006db000000, 0x0000000800000000)
  region size 16384K, 1 young (16384K), 1 survivors (16384K)
 Metaspace       used 55004K, committed 55424K, reserved 1097728K
  class space    used 7483K, committed 7680K, reserved 1048576K
}
Event: 37.561 GC heap before
{Heap before GC invocations=205 (full 0):
 garbage-first heap   total 2785280K, used 325376K [0x00000006db000000, 0x0000000800000000)
  region size 16384K, 8 young (131072K), 1 survivors (16384K)
 Metaspace       used 55004K, committed 55424K, reserved 1097728K
  class space    used 7483K, committed 7680K, reserved 1048576K
}
Event: 37.562 GC heap after
{Heap after GC invocations=206 (full 0):
 garbage-first heap   total 2785280K, used 210700K [0x00000006db000000, 0x0000000800000000)
  region size 16384K, 1 young (16384K), 1 survivors (16384K)
 Metaspace       used 55004K, committed 55424K, reserved 1097728K
  class space    used 7483K, committed 7680K, reserved 1048576K
}
Event: 37.624 GC heap before
{Heap before GC invocations=206 (full 0):
 garbage-first heap   total 2785280K, used 325388K [0x00000006db000000, 0x0000000800000000)
  region size 16384K, 8 young (131072K), 1 survivors (16384K)
 Metaspace       used 55004K, committed 55424K, reserved 1097728K
  class space    used 7483K, committed 7680K, reserved 1048576K
}
Event: 37.625 GC heap after
{Heap after GC invocations=207 (full 0):
 garbage-first heap   total 2785280K, used 210710K [0x00000006db000000, 0x0000000800000000)
  region size 16384K, 1 young (16384K), 1 survivors (16384K)
 Metaspace       used 55004K, committed 55424K, reserved 1097728K
  class space    used 7483K, committed 7680K, reserved 1048576K
}

