# JRE version: Java(TM) SE Runtime Environment (17.0.1+12) (build 17.0.1+12-LTS-39)
# Java VM: Java HotSpot(TM) 64-Bit Server VM (17.0.1+12-LTS-39, mixed mode, sharing, tiered, compressed oops, compressed class ptrs, g1 gc, windows-amd64)
GC Precious Log:
 CPUs: 4 total, 4 available
 Memory: 8073M
 Large Page Support: Disabled
 NUMA Support: Disabled
 Compressed Oops: Enabled (Zero based)
 Heap Region Size: 16M
 Heap Min Capacity: 144M
 Heap Initial Capacity: 144M
 Heap Max Capacity: 3392M
 Pre-touch: Disabled
 Parallel Workers: 4
 Concurrent Workers: 1
 Concurrent Refinement Workers: 4
 Periodic GC: Disabled
Heap:
 garbage-first heap   total 1327104K, used 311835K [0x000000072c000000, 0x0000000800000000)
  region size 16384K, 8 young (131072K), 1 survivors (16384K)
 Metaspace       used 54231K, committed 54656K, reserved 1097728K
  class space    used 7468K, committed 7680K, reserved 1048576K
GC Heap History (20 events):
Event: 62.854 GC heap before
{Heap before GC invocations=152 (full 0):
 garbage-first heap   total 1327104K, used 328044K [0x000000072c000000, 0x0000000800000000)
  region size 16384K, 8 young (131072K), 1 survivors (16384K)
 Metaspace       used 54230K, committed 54656K, reserved 1097728K
  class space    used 7468K, committed 7680K, reserved 1048576K
}
Event: 62.855 GC heap after
{Heap after GC invocations=153 (full 0):
 garbage-first heap   total 1327104K, used 213361K [0x000000072c000000, 0x0000000800000000)
  region size 16384K, 1 young (16384K), 1 survivors (16384K)
 Metaspace       used 54230K, committed 54656K, reserved 1097728K
  class space    used 7468K, committed 7680K, reserved 1048576K
}
Event: 62.990 GC heap before
{Heap before GC invocations=153 (full 0):
 garbage-first heap   total 1327104K, used 328049K [0x000000072c000000, 0x0000000800000000)
  region size 16384K, 8 young (131072K), 1 survivors (16384K)
 Metaspace       used 54230K, committed 54656K, reserved 1097728K
  class space    used 7468K, committed 7680K, reserved 1048576K
}
Event: 62.991 GC heap after
{Heap after GC invocations=154 (full 0):
 garbage-first heap   total 1327104K, used 213367K [0x000000072c000000, 0x0000000800000000)
  region size 16384K, 1 young (16384K), 1 survivors (16384K)
 Metaspace       used 54230K, committed 54656K, reserved 1097728K
  class space    used 7468K, committed 7680K, reserved 1048576K
}
Event: 63.164 GC heap before
{Heap before GC invocations=154 (full 0):
 garbage-first heap   total 1327104K, used 328055K [0x000000072c000000, 0x0000000800000000)
  region size 16384K, 8 young (131072K), 1 survivors (16384K)
 Metaspace       used 54230K, committed 54656K, reserved 1097728K
  class space    used 7468K, committed 7680K, reserved 1048576K
}
Event: 63.165 GC heap after
{Heap after GC invocations=155 (full 0):
 garbage-first heap   total 1327104K, used 213415K [0x000000072c000000, 0x0000000800000000)
  region size 16384K, 1 young (16384K), 1 survivors (16384K)
 Metaspace       used 54230K, committed 54656K, reserved 1097728K
  class space    used 7468K, committed 7680K, reserved 1048576K
}
Event: 63.237 GC heap before
{Heap before GC invocations=155 (full 0):
 garbage-first heap   total 1327104K, used 328103K [0x000000072c000000, 0x0000000800000000)
  region size 16384K, 8 young (131072K), 1 survivors (16384K)
 Metaspace       used 54230K, committed 54656K, reserved 1097728K
  class space    used 7468K, committed 7680K, reserved 1048576K
}
Event: 63.238 GC heap after
{Heap after GC invocations=156 (full 0):
 garbage-first heap   total 1327104K, used 213441K [0x000000072c000000, 0x0000000800000000)
  region size 16384K, 1 young (16384K), 1 survivors (16384K)
 Metaspace       used 54230K, committed 54656K, reserved 1097728K
  class space    used 7468K, committed 7680K, reserved 1048576K
}
Event: 63.293 GC heap before
{Heap before GC invocations=156 (full 0):
 garbage-first heap   total 1327104K, used 328129K [0x000000072c000000, 0x0000000800000000)
  region size 16384K, 8 young (131072K), 1 survivors (16384K)
 Metaspace       used 54230K, committed 54656K, reserved 1097728K
  class space    used 7468K, committed 7680K, reserved 1048576K
}
Event: 63.294 GC heap after
{Heap after GC invocations=157 (full 0):
 garbage-first heap   total 1327104K, used 213452K [0x000000072c000000, 0x0000000800000000)
  region size 16384K, 1 young (16384K), 1 survivors (16384K)
 Metaspace       used 54230K, committed 54656K, reserved 1097728K
  class space    used 7468K, committed 7680K, reserved 1048576K
}
Event: 63.354 GC heap before
{Heap before GC invocations=157 (full 0):
 garbage-first heap   total 1327104K, used 328140K [0x000000072c000000, 0x0000000800000000)
  region size 16384K, 8 young (131072K), 1 survivors (16384K)
 Metaspace       used 54230K, committed 54656K, reserved 1097728K
  class space    used 7468K, committed 7680K, reserved 1048576K
}
Event: 63.355 GC heap after
{Heap after GC invocations=158 (full 0):
 garbage-first heap   total 1327104K, used 213435K [0x000000072c000000, 0x0000000800000000)
  region size 16384K, 1 young (16384K), 1 survivors (16384K)
 Metaspace       used 54230K, committed 54656K, reserved 1097728K
  class space    used 7468K, committed 7680K, reserved 1048576K
}
Event: 63.428 GC heap before
{Heap before GC invocations=158 (full 0):
 garbage-first heap   total 1327104K, used 328123K [0x000000072c000000, 0x0000000800000000)
  region size 16384K, 8 young (131072K), 1 survivors (16384K)
 Metaspace       used 54230K, committed 54656K, reserved 1097728K
  class space    used 7468K, committed 7680K, reserved 1048576K
}
Event: 63.429 GC heap after
{Heap after GC invocations=159 (full 0):
 garbage-first heap   total 1327104K, used 213450K [0x000000072c000000, 0x0000000800000000)
  region size 16384K, 1 young (16384K), 1 survivors (16384K)
 Metaspace       used 54230K, committed 54656K, reserved 1097728K
  class space    used 7468K, committed 7680K, reserved 1048576K
}
Event: 63.551 GC heap before
{Heap before GC invocations=159 (full 0):
 garbage-first heap   total 1327104K, used 328138K [0x000000072c000000, 0x0000000800000000)
  region size 16384K, 8 young (131072K), 1 survivors (16384K)
 Metaspace       used 54230K, committed 54656K, reserved 1097728K
  class space    used 7468K, committed 7680K, reserved 1048576K
}
Event: 63.552 GC heap after
{Heap after GC invocations=160 (full 0):
 garbage-first heap   total 1327104K, used 213469K [0x000000072c000000, 0x0000000800000000)
  region size 16384K, 1 young (16384K), 1 survivors (16384K)
 Metaspace       used 54230K, committed 54656K, reserved 1097728K
  class space    used 7468K, committed 7680K, reserved 1048576K
}
Event: 63.674 GC heap before
{Heap before GC invocations=160 (full 0):
 garbage-first heap   total 1327104K, used 328157K [0x000000072c000000, 0x0000000800000000)
  region size 16384K, 8 young (131072K), 1 survivors (16384K)
 Metaspace       used 54230K, committed 54656K, reserved 1097728K
  class space    used 7468K, committed 7680K, reserved 1048576K
}
Event: 63.675 GC heap after
{Heap after GC invocations=161 (full 0):
 garbage-first heap   total 1327104K, used 213480K [0x000000072c000000, 0x0000000800000000)
  region size 16384K, 1 young (16384K), 1 survivors (16384K)
 Metaspace       used 54230K, committed 54656K, reserved 1097728K
  class space    used 7468K, committed 7680K, reserved 1048576K
}
Event: 63.805 GC heap before
{Heap before GC invocations=161 (full 0):
 garbage-first heap   total 1327104K, used 328168K [0x000000072c000000, 0x0000000800000000)
  region size 16384K, 8 young (131072K), 1 survivors (16384K)
 Metaspace       used 54230K, committed 54656K, reserved 1097728K
  class space    used 7468K, committed 7680K, reserved 1048576K
}
Event: 63.806 GC heap after
{Heap after GC invocations=162 (full 0):
 garbage-first heap   total 1327104K, used 213475K [0x000000072c000000, 0x0000000800000000)
  region size 16384K, 1 young (16384K), 1 survivors (16384K)
 Metaspace       used 54230K, committed 54656K, reserved 1097728K
  class space    used 7468K, committed 7680K, reserved 1048576K
}

