# JRE version: Java(TM) SE Runtime Environment (17.0.1+12) (build 17.0.1+12-LTS-39)
# Java VM: Java HotSpot(TM) 64-Bit Server VM (17.0.1+12-LTS-39, mixed mode, sharing, tiered, compressed oops, compressed class ptrs, g1 gc, windows-amd64)
GC Precious Log:
 CPUs: 4 total, 4 available
 Memory: 8073M
 Large Page Support: Disabled
 NUMA Support: Disabled
 Compressed Oops: Enabled (Zero based)
 Heap Region Size: 16M
 Heap Min Capacity: 144M
 Heap Initial Capacity: 144M
 Heap Max Capacity: 4400M
 Pre-touch: Disabled
 Parallel Workers: 4
 Concurrent Workers: 1
 Concurrent Refinement Workers: 4
 Periodic GC: Disabled
Heap:
 garbage-first heap   total 2785280K, used 276972K [0x00000006ed000000, 0x0000000800000000)
  region size 16384K, 6 young (98304K), 1 survivors (16384K)
 Metaspace       used 54184K, committed 54656K, reserved 1097728K
  class space    used 7457K, committed 7680K, reserved 1048576K
GC Heap History (20 events):
Event: 46.043 GC heap before
{Heap before GC invocations=279 (full 0):
 garbage-first heap   total 2785280K, used 325907K [0x00000006ed000000, 0x0000000800000000)
  region size 16384K, 8 young (131072K), 1 survivors (16384K)
 Metaspace       used 54184K, committed 54656K, reserved 1097728K
  class space    used 7457K, committed 7680K, reserved 1048576K
}
Event: 46.044 GC heap after
{Heap after GC invocations=280 (full 0):
 garbage-first heap   total 2785280K, used 211247K [0x00000006ed000000, 0x0000000800000000)
  region size 16384K, 1 young (16384K), 1 survivors (16384K)
 Metaspace       used 54184K, committed 54656K, reserved 1097728K
  class space    used 7457K, committed 7680K, reserved 1048576K
}
Event: 46.078 GC heap before
{Heap before GC invocations=280 (full 0):
 garbage-first heap   total 2785280K, used 325935K [0x00000006ed000000, 0x0000000800000000)
  region size 16384K, 8 young (131072K), 1 survivors (16384K)
 Metaspace       used 54184K, committed 54656K, reserved 1097728K
  class space    used 7457K, committed 7680K, reserved 1048576K
}
Event: 46.079 GC heap after
{Heap after GC invocations=281 (full 0):
 garbage-first heap   total 2785280K, used 211243K [0x00000006ed000000, 0x0000000800000000)
  region size 16384K, 1 young (16384K), 1 survivors (16384K)
 Metaspace       used 54184K, committed 54656K, reserved 1097728K
  class space    used 7457K, committed 7680K, reserved 1048576K
}
Event: 46.125 GC heap before
{Heap before GC invocations=281 (full 0):
 garbage-first heap   total 2785280K, used 325931K [0x00000006ed000000, 0x0000000800000000)
  region size 16384K, 8 young (131072K), 1 survivors (16384K)
 Metaspace       used 54184K, committed 54656K, reserved 1097728K
  class space    used 7457K, committed 7680K, reserved 1048576K
}
Event: 46.126 GC heap after
{Heap after GC invocations=282 (full 0):
 garbage-first heap   total 2785280K, used 211246K [0x00000006ed000000, 0x0000000800000000)
  region size 16384K, 1 young (16384K), 1 survivors (16384K)
 Metaspace       used 54184K, committed 54656K, reserved 1097728K
  class space    used 7457K, committed 7680K, reserved 1048576K
}
Event: 46.208 GC heap before
{Heap before GC invocations=282 (full 0):
 garbage-first heap   total 2785280K, used 325934K [0x00000006ed000000, 0x0000000800000000)
  region size 16384K, 8 young (131072K), 1 survivors (16384K)
 Metaspace       used 54184K, committed 54656K, reserved 1097728K
  class space    used 7457K, committed 7680K, reserved 1048576K
}
Event: 46.209 GC heap after
{Heap after GC invocations=283 (full 0):
 garbage-first heap   total 2785280K, used 211268K [0x00000006ed000000, 0x0000000800000000)
  region size 16384K, 1 young (16384K), 1 survivors (16384K)
 Metaspace       used 54184K, committed 54656K, reserved 1097728K
  class space    used 7457K, committed 7680K, reserved 1048576K
}
Event: 46.283 GC heap before
{Heap before GC invocations=283 (full 0):
 garbage-first heap   total 2785280K, used 325956K [0x00000006ed000000, 0x0000000800000000)
  region size 16384K, 8 young (131072K), 1 survivors (16384K)
 Metaspace       used 54184K, committed 54656K, reserved 1097728K
  class space    used 7457K, committed 7680K, reserved 1048576K
}
Event: 46.283 GC heap after
{Heap after GC invocations=284 (full 0):
 garbage-first heap   total 2785280K, used 211264K [0x00000006ed000000, 0x0000000800000000)
  region size 16384K, 1 young (16384K), 1 survivors (16384K)
 Metaspace       used 54184K, committed 54656K, reserved 1097728K
  class space    used 7457K, committed 7680K, reserved 1048576K
}
Event: 46.371 GC heap before
{Heap before GC invocations=284 (full 0):
 garbage-first heap   total 2785280K, used 325952K [0x00000006ed000000, 0x0000000800000000)
  region size 16384K, 8 young (131072K), 1 survivors (16384K)
 Metaspace       used 54184K, committed 54656K, reserved 1097728K
  class space    used 7457K, committed 7680K, reserved 1048576K
}
Event: 46.372 GC heap after
{Heap after GC invocations=285 (full 0):
 garbage-first heap   total 2785280K, used 211286K [0x00000006ed000000, 0x0000000800000000)
  region size 16384K, 1 young (16384K), 1 survivors (16384K)
 Metaspace       used 54184K, committed 54656K, reserved 1097728K
  class space    used 7457K, committed 7680K, reserved 1048576K
}
Event: 46.466 GC heap before
{Heap before GC invocations=285 (full 0):
 garbage-first heap   total 2785280K, used 325974K [0x00000006ed000000, 0x0000000800000000)
  region size 16384K, 8 young (131072K), 1 survivors (16384K)
 Metaspace       used 54184K, committed 54656K, reserved 1097728K
  class space    used 7457K, committed 7680K, reserved 1048576K
}
Event: 46.467 GC heap after
{Heap after GC invocations=286 (full 0):
 garbage-first heap   total 2785280K, used 211326K [0x00000006ed000000, 0x0000000800000000)
  region size 16384K, 1 young (16384K), 1 survivors (16384K)
 Metaspace       used 54184K, committed 54656K, reserved 1097728K
  class space    used 7457K, committed 7680K, reserved 1048576K
}
Event: 46.531 GC heap before
{Heap before GC invocations=286 (full 0):
 garbage-first heap   total 2785280K, used 326014K [0x00000006ed000000, 0x0000000800000000)
  region size 16384K, 8 young (131072K), 1 survivors (16384K)
 Metaspace       used 54184K, committed 54656K, reserved 1097728K
  class space    used 7457K, committed 7680K, reserved 1048576K
}
Event: 46.532 GC heap after
{Heap after GC invocations=287 (full 0):
 garbage-first heap   total 2785280K, used 211335K [0x00000006ed000000, 0x0000000800000000)
  region size 16384K, 1 young (16384K), 1 survivors (16384K)
 Metaspace       used 54184K, committed 54656K, reserved 1097728K
  class space    used 7457K, committed 7680K, reserved 1048576K
}
Event: 46.615 GC heap before
{Heap before GC invocations=287 (full 0):
 garbage-first heap   total 2785280K, used 326023K [0x00000006ed000000, 0x0000000800000000)
  region size 16384K, 8 young (131072K), 1 survivors (16384K)
 Metaspace       used 54184K, committed 54656K, reserved 1097728K
  class space    used 7457K, committed 7680K, reserved 1048576K
}
Event: 46.616 GC heap after
{Heap after GC invocations=288 (full 0):
 garbage-first heap   total 2785280K, used 211352K [0x00000006ed000000, 0x0000000800000000)
  region size 16384K, 1 young (16384K), 1 survivors (16384K)
 Metaspace       used 54184K, committed 54656K, reserved 1097728K
  class space    used 7457K, committed 7680K, reserved 1048576K
}
Event: 46.689 GC heap before
{Heap before GC invocations=288 (full 0):
 garbage-first heap   total 2785280K, used 326040K [0x00000006ed000000, 0x0000000800000000)
  region size 16384K, 8 young (131072K), 1 survivors (16384K)
 Metaspace       used 54184K, committed 54656K, reserved 1097728K
  class space    used 7457K, committed 7680K, reserved 1048576K
}
Event: 46.690 GC heap after
{Heap after GC invocations=289 (full 0):
 garbage-first heap   total 2785280K, used 211389K [0x00000006ed000000, 0x0000000800000000)
  region size 16384K, 1 young (16384K), 1 survivors (16384K)
 Metaspace       used 54184K, committed 54656K, reserved 1097728K
  class space    used 7457K, committed 7680K, reserved 1048576K
}

