# JRE version: Java(TM) SE Runtime Environment (16.0.1+9) (build 16.0.1+9-24)
# Java VM: Java HotSpot(TM) 64-Bit Server VM (16.0.1+9-24, mixed mode, sharing, tiered, compressed oops, compressed class ptrs, g1 gc, windows-amd64)
GC Precious Log:
 CPUs: 4 total, 4 available
 Memory: 8073M
 Large Page Support: Disabled
 NUMA Support: Disabled
 Compressed Oops: Enabled (Zero based)
 Heap Region Size: 16M
 Heap Min Capacity: 144M
 Heap Initial Capacity: 144M
 Heap Max Capacity: 3632M
 Pre-touch: Disabled
 Parallel Workers: 4
 Concurrent Workers: 1
 Concurrent Refinement Workers: 4
 Periodic GC: Disabled
Heap:
 garbage-first heap   total 1867776K, used 293792K [0x000000071d000000, 0x0000000800000000)
  region size 16384K, 7 young (114688K), 1 survivors (16384K)
 Metaspace       used 55065K, committed 55552K, reserved 1097728K
  class space    used 7483K, committed 7680K, reserved 1048576K
GC Heap History (20 events):
Event: 43.543 GC heap before
{Heap before GC invocations=203 (full 0):
 garbage-first heap   total 1867776K, used 326312K [0x000000071d000000, 0x0000000800000000)
  region size 16384K, 8 young (131072K), 1 survivors (16384K)
 Metaspace       used 55065K, committed 55552K, reserved 1097728K
  class space    used 7483K, committed 7680K, reserved 1048576K
}
Event: 43.543 GC heap after
{Heap after GC invocations=204 (full 0):
 garbage-first heap   total 1867776K, used 211616K [0x000000071d000000, 0x0000000800000000)
  region size 16384K, 1 young (16384K), 1 survivors (16384K)
 Metaspace       used 55065K, committed 55552K, reserved 1097728K
  class space    used 7483K, committed 7680K, reserved 1048576K
}
Event: 43.584 GC heap before
{Heap before GC invocations=204 (full 0):
 garbage-first heap   total 1867776K, used 326304K [0x000000071d000000, 0x0000000800000000)
  region size 16384K, 8 young (131072K), 1 survivors (16384K)
 Metaspace       used 55065K, committed 55552K, reserved 1097728K
  class space    used 7483K, committed 7680K, reserved 1048576K
}
Event: 43.585 GC heap after
{Heap after GC invocations=205 (full 0):
 garbage-first heap   total 1867776K, used 211639K [0x000000071d000000, 0x0000000800000000)
  region size 16384K, 1 young (16384K), 1 survivors (16384K)
 Metaspace       used 55065K, committed 55552K, reserved 1097728K
  class space    used 7483K, committed 7680K, reserved 1048576K
}
Event: 43.633 GC heap before
{Heap before GC invocations=205 (full 0):
 garbage-first heap   total 1867776K, used 326327K [0x000000071d000000, 0x0000000800000000)
  region size 16384K, 8 young (131072K), 1 survivors (16384K)
 Metaspace       used 55065K, committed 55552K, reserved 1097728K
  class space    used 7483K, committed 7680K, reserved 1048576K
}
Event: 43.634 GC heap after
{Heap after GC invocations=206 (full 0):
 garbage-first heap   total 1867776K, used 211630K [0x000000071d000000, 0x0000000800000000)
  region size 16384K, 1 young (16384K), 1 survivors (16384K)
 Metaspace       used 55065K, committed 55552K, reserved 1097728K
  class space    used 7483K, committed 7680K, reserved 1048576K
}
Event: 43.729 GC heap before
{Heap before GC invocations=206 (full 0):
 garbage-first heap   total 1867776K, used 326318K [0x000000071d000000, 0x0000000800000000)
  region size 16384K, 8 young (131072K), 1 survivors (16384K)
 Metaspace       used 55065K, committed 55552K, reserved 1097728K
  class space    used 7483K, committed 7680K, reserved 1048576K
}
Event: 43.730 GC heap after
{Heap after GC invocations=207 (full 0):
 garbage-first heap   total 1867776K, used 211671K [0x000000071d000000, 0x0000000800000000)
  region size 16384K, 1 young (16384K), 1 survivors (16384K)
 Metaspace       used 55065K, committed 55552K, reserved 1097728K
  class space    used 7483K, committed 7680K, reserved 1048576K
}
Event: 43.789 GC heap before
{Heap before GC invocations=207 (full 0):
 garbage-first heap   total 1867776K, used 326359K [0x000000071d000000, 0x0000000800000000)
  region size 16384K, 8 young (131072K), 1 survivors (16384K)
 Metaspace       used 55065K, committed 55552K, reserved 1097728K
  class space    used 7483K, committed 7680K, reserved 1048576K
}
Event: 43.790 GC heap after
{Heap after GC invocations=208 (full 0):
 garbage-first heap   total 1867776K, used 211690K [0x000000071d000000, 0x0000000800000000)
  region size 16384K, 1 young (16384K), 1 survivors (16384K)
 Metaspace       used 55065K, committed 55552K, reserved 1097728K
  class space    used 7483K, committed 7680K, reserved 1048576K
}
Event: 43.894 GC heap before
{Heap before GC invocations=208 (full 0):
 garbage-first heap   total 1867776K, used 326378K [0x000000071d000000, 0x0000000800000000)
  region size 16384K, 8 young (131072K), 1 survivors (16384K)
 Metaspace       used 55065K, committed 55552K, reserved 1097728K
  class space    used 7483K, committed 7680K, reserved 1048576K
}
Event: 43.894 GC heap after
{Heap after GC invocations=209 (full 0):
 garbage-first heap   total 1867776K, used 211689K [0x000000071d000000, 0x0000000800000000)
  region size 16384K, 1 young (16384K), 1 survivors (16384K)
 Metaspace       used 55065K, committed 55552K, reserved 1097728K
  class space    used 7483K, committed 7680K, reserved 1048576K
}
Event: 44.109 GC heap before
{Heap before GC invocations=209 (full 0):
 garbage-first heap   total 1867776K, used 326377K [0x000000071d000000, 0x0000000800000000)
  region size 16384K, 8 young (131072K), 1 survivors (16384K)
 Metaspace       used 55065K, committed 55552K, reserved 1097728K
  class space    used 7483K, committed 7680K, reserved 1048576K
}
Event: 44.109 GC heap after
{Heap after GC invocations=210 (full 0):
 garbage-first heap   total 1867776K, used 211700K [0x000000071d000000, 0x0000000800000000)
  region size 16384K, 1 young (16384K), 1 survivors (16384K)
 Metaspace       used 55065K, committed 55552K, reserved 1097728K
  class space    used 7483K, committed 7680K, reserved 1048576K
}
Event: 44.200 GC heap before
{Heap before GC invocations=210 (full 0):
 garbage-first heap   total 1867776K, used 326388K [0x000000071d000000, 0x0000000800000000)
  region size 16384K, 8 young (131072K), 1 survivors (16384K)
 Metaspace       used 55065K, committed 55552K, reserved 1097728K
  class space    used 7483K, committed 7680K, reserved 1048576K
}
Event: 44.201 GC heap after
{Heap after GC invocations=211 (full 0):
 garbage-first heap   total 1867776K, used 211750K [0x000000071d000000, 0x0000000800000000)
  region size 16384K, 1 young (16384K), 1 survivors (16384K)
 Metaspace       used 55065K, committed 55552K, reserved 1097728K
  class space    used 7483K, committed 7680K, reserved 1048576K
}
Event: 44.288 GC heap before
{Heap before GC invocations=211 (full 0):
 garbage-first heap   total 1867776K, used 326438K [0x000000071d000000, 0x0000000800000000)
  region size 16384K, 8 young (131072K), 1 survivors (16384K)
 Metaspace       used 55065K, committed 55552K, reserved 1097728K
  class space    used 7483K, committed 7680K, reserved 1048576K
}
Event: 44.289 GC heap after
{Heap after GC invocations=212 (full 0):
 garbage-first heap   total 1867776K, used 211769K [0x000000071d000000, 0x0000000800000000)
  region size 16384K, 1 young (16384K), 1 survivors (16384K)
 Metaspace       used 55065K, committed 55552K, reserved 1097728K
  class space    used 7483K, committed 7680K, reserved 1048576K
}
Event: 44.397 GC heap before
{Heap before GC invocations=212 (full 0):
 garbage-first heap   total 1867776K, used 326457K [0x000000071d000000, 0x0000000800000000)
  region size 16384K, 8 young (131072K), 1 survivors (16384K)
 Metaspace       used 55065K, committed 55552K, reserved 1097728K
  class space    used 7483K, committed 7680K, reserved 1048576K
}
Event: 44.397 GC heap after
{Heap after GC invocations=213 (full 0):
 garbage-first heap   total 1867776K, used 211796K [0x000000071d000000, 0x0000000800000000)
  region size 16384K, 1 young (16384K), 1 survivors (16384K)
 Metaspace       used 55065K, committed 55552K, reserved 1097728K
  class space    used 7483K, committed 7680K, reserved 1048576K
}

