# JRE version: Java(TM) SE Runtime Environment (16.0.1+9) (build 16.0.1+9-24)
# Java VM: Java HotSpot(TM) 64-Bit Server VM (16.0.1+9-24, mixed mode, sharing, tiered, compressed oops, compressed class ptrs, g1 gc, windows-amd64)
GC Precious Log:
 CPUs: 4 total, 4 available
 Memory: 8073M
 Large Page Support: Disabled
 NUMA Support: Disabled
 Compressed Oops: Enabled (Zero based)
 Heap Region Size: 16M
 Heap Min Capacity: 144M
 Heap Initial Capacity: 144M
 Heap Max Capacity: 3296M
 Pre-touch: Disabled
 Parallel Workers: 4
 Concurrent Workers: 1
 Concurrent Refinement Workers: 4
 Periodic GC: Disabled
Heap:
 garbage-first heap   total 1589248K, used 244551K [0x0000000732000000, 0x0000000800000000)
  region size 16384K, 4 young (65536K), 1 survivors (16384K)
 Metaspace       used 54954K, committed 55360K, reserved 1097728K
  class space    used 7472K, committed 7680K, reserved 1048576K
GC Heap History (20 events):
Event: 47.047 GC heap before
{Heap before GC invocations=191 (full 0):
 garbage-first heap   total 1589248K, used 326264K [0x0000000732000000, 0x0000000800000000)
  region size 16384K, 8 young (131072K), 1 survivors (16384K)
 Metaspace       used 54953K, committed 55360K, reserved 1097728K
  class space    used 7472K, committed 7680K, reserved 1048576K
}
Event: 47.048 GC heap after
{Heap after GC invocations=192 (full 0):
 garbage-first heap   total 1589248K, used 211573K [0x0000000732000000, 0x0000000800000000)
  region size 16384K, 1 young (16384K), 1 survivors (16384K)
 Metaspace       used 54953K, committed 55360K, reserved 1097728K
  class space    used 7472K, committed 7680K, reserved 1048576K
}
Event: 47.104 GC heap before
{Heap before GC invocations=192 (full 0):
 garbage-first heap   total 1589248K, used 326261K [0x0000000732000000, 0x0000000800000000)
  region size 16384K, 8 young (131072K), 1 survivors (16384K)
 Metaspace       used 54953K, committed 55360K, reserved 1097728K
  class space    used 7472K, committed 7680K, reserved 1048576K
}
Event: 47.105 GC heap after
{Heap after GC invocations=193 (full 0):
 garbage-first heap   total 1589248K, used 211589K [0x0000000732000000, 0x0000000800000000)
  region size 16384K, 1 young (16384K), 1 survivors (16384K)
 Metaspace       used 54953K, committed 55360K, reserved 1097728K
  class space    used 7472K, committed 7680K, reserved 1048576K
}
Event: 47.159 GC heap before
{Heap before GC invocations=193 (full 0):
 garbage-first heap   total 1589248K, used 326277K [0x0000000732000000, 0x0000000800000000)
  region size 16384K, 8 young (131072K), 1 survivors (16384K)
 Metaspace       used 54953K, committed 55360K, reserved 1097728K
  class space    used 7472K, committed 7680K, reserved 1048576K
}
Event: 47.159 GC heap after
{Heap after GC invocations=194 (full 0):
 garbage-first heap   total 1589248K, used 211593K [0x0000000732000000, 0x0000000800000000)
  region size 16384K, 1 young (16384K), 1 survivors (16384K)
 Metaspace       used 54953K, committed 55360K, reserved 1097728K
  class space    used 7472K, committed 7680K, reserved 1048576K
}
Event: 47.234 GC heap before
{Heap before GC invocations=194 (full 0):
 garbage-first heap   total 1589248K, used 326281K [0x0000000732000000, 0x0000000800000000)
  region size 16384K, 8 young (131072K), 1 survivors (16384K)
 Metaspace       used 54953K, committed 55360K, reserved 1097728K
  class space    used 7472K, committed 7680K, reserved 1048576K
}
Event: 47.235 GC heap after
{Heap after GC invocations=195 (full 0):
 garbage-first heap   total 1589248K, used 211585K [0x0000000732000000, 0x0000000800000000)
  region size 16384K, 1 young (16384K), 1 survivors (16384K)
 Metaspace       used 54953K, committed 55360K, reserved 1097728K
  class space    used 7472K, committed 7680K, reserved 1048576K
}
Event: 47.380 GC heap before
{Heap before GC invocations=195 (full 0):
 garbage-first heap   total 1589248K, used 326273K [0x0000000732000000, 0x0000000800000000)
  region size 16384K, 8 young (131072K), 1 survivors (16384K)
 Metaspace       used 54953K, committed 55360K, reserved 1097728K
  class space    used 7472K, committed 7680K, reserved 1048576K
}
Event: 47.380 GC heap after
{Heap after GC invocations=196 (full 0):
 garbage-first heap   total 1589248K, used 211614K [0x0000000732000000, 0x0000000800000000)
  region size 16384K, 1 young (16384K), 1 survivors (16384K)
 Metaspace       used 54953K, committed 55360K, reserved 1097728K
  class space    used 7472K, committed 7680K, reserved 1048576K
}
Event: 47.487 GC heap before
{Heap before GC invocations=196 (full 0):
 garbage-first heap   total 1589248K, used 326302K [0x0000000732000000, 0x0000000800000000)
  region size 16384K, 8 young (131072K), 1 survivors (16384K)
 Metaspace       used 54953K, committed 55360K, reserved 1097728K
  class space    used 7472K, committed 7680K, reserved 1048576K
}
Event: 47.488 GC heap after
{Heap after GC invocations=197 (full 0):
 garbage-first heap   total 1589248K, used 211619K [0x0000000732000000, 0x0000000800000000)
  region size 16384K, 1 young (16384K), 1 survivors (16384K)
 Metaspace       used 54953K, committed 55360K, reserved 1097728K
  class space    used 7472K, committed 7680K, reserved 1048576K
}
Event: 47.654 GC heap before
{Heap before GC invocations=197 (full 0):
 garbage-first heap   total 1589248K, used 326307K [0x0000000732000000, 0x0000000800000000)
  region size 16384K, 8 young (131072K), 1 survivors (16384K)
 Metaspace       used 54953K, committed 55360K, reserved 1097728K
  class space    used 7472K, committed 7680K, reserved 1048576K
}
Event: 47.655 GC heap after
{Heap after GC invocations=198 (full 0):
 garbage-first heap   total 1589248K, used 211630K [0x0000000732000000, 0x0000000800000000)
  region size 16384K, 1 young (16384K), 1 survivors (16384K)
 Metaspace       used 54953K, committed 55360K, reserved 1097728K
  class space    used 7472K, committed 7680K, reserved 1048576K
}
Event: 47.774 GC heap before
{Heap before GC invocations=198 (full 0):
 garbage-first heap   total 1589248K, used 326318K [0x0000000732000000, 0x0000000800000000)
  region size 16384K, 8 young (131072K), 1 survivors (16384K)
 Metaspace       used 54953K, committed 55360K, reserved 1097728K
  class space    used 7472K, committed 7680K, reserved 1048576K
}
Event: 47.775 GC heap after
{Heap after GC invocations=199 (full 0):
 garbage-first heap   total 1589248K, used 211684K [0x0000000732000000, 0x0000000800000000)
  region size 16384K, 1 young (16384K), 1 survivors (16384K)
 Metaspace       used 54953K, committed 55360K, reserved 1097728K
  class space    used 7472K, committed 7680K, reserved 1048576K
}
Event: 47.867 GC heap before
{Heap before GC invocations=199 (full 0):
 garbage-first heap   total 1589248K, used 326372K [0x0000000732000000, 0x0000000800000000)
  region size 16384K, 8 young (131072K), 1 survivors (16384K)
 Metaspace       used 54953K, committed 55360K, reserved 1097728K
  class space    used 7472K, committed 7680K, reserved 1048576K
}
Event: 47.867 GC heap after
{Heap after GC invocations=200 (full 0):
 garbage-first heap   total 1589248K, used 211693K [0x0000000732000000, 0x0000000800000000)
  region size 16384K, 1 young (16384K), 1 survivors (16384K)
 Metaspace       used 54953K, committed 55360K, reserved 1097728K
  class space    used 7472K, committed 7680K, reserved 1048576K
}
Event: 47.975 GC heap before
{Heap before GC invocations=200 (full 0):
 garbage-first heap   total 1589248K, used 326381K [0x0000000732000000, 0x0000000800000000)
  region size 16384K, 8 young (131072K), 1 survivors (16384K)
 Metaspace       used 54953K, committed 55360K, reserved 1097728K
  class space    used 7472K, committed 7680K, reserved 1048576K
}
Event: 47.976 GC heap after
{Heap after GC invocations=201 (full 0):
 garbage-first heap   total 1589248K, used 211713K [0x0000000732000000, 0x0000000800000000)
  region size 16384K, 1 young (16384K), 1 survivors (16384K)
 Metaspace       used 54953K, committed 55360K, reserved 1097728K
  class space    used 7472K, committed 7680K, reserved 1048576K
}

