# JRE version: Java(TM) SE Runtime Environment (16.0.1+9) (build 16.0.1+9-24)
# Java VM: Java HotSpot(TM) 64-Bit Server VM (16.0.1+9-24, mixed mode, sharing, tiered, compressed oops, compressed class ptrs, g1 gc, windows-amd64)
GC Precious Log:
 CPUs: 4 total, 4 available
 Memory: 8073M
 Large Page Support: Disabled
 NUMA Support: Disabled
 Compressed Oops: Enabled (Zero based)
 Heap Region Size: 16M
 Heap Min Capacity: 144M
 Heap Initial Capacity: 144M
 Heap Max Capacity: 3792M
 Pre-touch: Disabled
 Parallel Workers: 4
 Concurrent Workers: 1
 Concurrent Refinement Workers: 4
 Periodic GC: Disabled
Heap:
 garbage-first heap   total 1998848K, used 311750K [0x0000000713000000, 0x0000000800000000)
  region size 16384K, 8 young (131072K), 1 survivors (16384K)
 Metaspace       used 55046K, committed 55488K, reserved 1097728K
  class space    used 7489K, committed 7680K, reserved 1048576K
GC Heap History (20 events):
Event: 46.923 GC heap before
{Heap before GC invocations=189 (full 0):
 garbage-first heap   total 1998848K, used 327905K [0x0000000713000000, 0x0000000800000000)
  region size 16384K, 8 young (131072K), 1 survivors (16384K)
 Metaspace       used 55045K, committed 55488K, reserved 1097728K
  class space    used 7489K, committed 7680K, reserved 1048576K
}
Event: 46.924 GC heap after
{Heap after GC invocations=190 (full 0):
 garbage-first heap   total 1998848K, used 213244K [0x0000000713000000, 0x0000000800000000)
  region size 16384K, 1 young (16384K), 1 survivors (16384K)
 Metaspace       used 55045K, committed 55488K, reserved 1097728K
  class space    used 7489K, committed 7680K, reserved 1048576K
}
Event: 47.022 GC heap before
{Heap before GC invocations=190 (full 0):
 garbage-first heap   total 1998848K, used 327932K [0x0000000713000000, 0x0000000800000000)
  region size 16384K, 8 young (131072K), 1 survivors (16384K)
 Metaspace       used 55045K, committed 55488K, reserved 1097728K
  class space    used 7489K, committed 7680K, reserved 1048576K
}
Event: 47.023 GC heap after
{Heap after GC invocations=191 (full 0):
 garbage-first heap   total 1998848K, used 213263K [0x0000000713000000, 0x0000000800000000)
  region size 16384K, 1 young (16384K), 1 survivors (16384K)
 Metaspace       used 55045K, committed 55488K, reserved 1097728K
  class space    used 7489K, committed 7680K, reserved 1048576K
}
Event: 47.092 GC heap before
{Heap before GC invocations=191 (full 0):
 garbage-first heap   total 1998848K, used 327951K [0x0000000713000000, 0x0000000800000000)
  region size 16384K, 8 young (131072K), 1 survivors (16384K)
 Metaspace       used 55045K, committed 55488K, reserved 1097728K
  class space    used 7489K, committed 7680K, reserved 1048576K
}
Event: 47.093 GC heap after
{Heap after GC invocations=192 (full 0):
 garbage-first heap   total 1998848K, used 213279K [0x0000000713000000, 0x0000000800000000)
  region size 16384K, 1 young (16384K), 1 survivors (16384K)
 Metaspace       used 55045K, committed 55488K, reserved 1097728K
  class space    used 7489K, committed 7680K, reserved 1048576K
}
Event: 47.147 GC heap before
{Heap before GC invocations=192 (full 0):
 garbage-first heap   total 1998848K, used 327967K [0x0000000713000000, 0x0000000800000000)
  region size 16384K, 8 young (131072K), 1 survivors (16384K)
 Metaspace       used 55045K, committed 55488K, reserved 1097728K
  class space    used 7489K, committed 7680K, reserved 1048576K
}
Event: 47.148 GC heap after
{Heap after GC invocations=193 (full 0):
 garbage-first heap   total 1998848K, used 213302K [0x0000000713000000, 0x0000000800000000)
  region size 16384K, 1 young (16384K), 1 survivors (16384K)
 Metaspace       used 55045K, committed 55488K, reserved 1097728K
  class space    used 7489K, committed 7680K, reserved 1048576K
}
Event: 47.202 GC heap before
{Heap before GC invocations=193 (full 0):
 garbage-first heap   total 1998848K, used 327990K [0x0000000713000000, 0x0000000800000000)
  region size 16384K, 8 young (131072K), 1 survivors (16384K)
 Metaspace       used 55045K, committed 55488K, reserved 1097728K
  class space    used 7489K, committed 7680K, reserved 1048576K
}
Event: 47.202 GC heap after
{Heap after GC invocations=194 (full 0):
 garbage-first heap   total 1998848K, used 213290K [0x0000000713000000, 0x0000000800000000)
  region size 16384K, 1 young (16384K), 1 survivors (16384K)
 Metaspace       used 55045K, committed 55488K, reserved 1097728K
  class space    used 7489K, committed 7680K, reserved 1048576K
}
Event: 47.286 GC heap before
{Heap before GC invocations=194 (full 0):
 garbage-first heap   total 1998848K, used 327978K [0x0000000713000000, 0x0000000800000000)
  region size 16384K, 8 young (131072K), 1 survivors (16384K)
 Metaspace       used 55045K, committed 55488K, reserved 1097728K
  class space    used 7489K, committed 7680K, reserved 1048576K
}
Event: 47.287 GC heap after
{Heap after GC invocations=195 (full 0):
 garbage-first heap   total 1998848K, used 213310K [0x0000000713000000, 0x0000000800000000)
  region size 16384K, 1 young (16384K), 1 survivors (16384K)
 Metaspace       used 55045K, committed 55488K, reserved 1097728K
  class space    used 7489K, committed 7680K, reserved 1048576K
}
Event: 47.391 GC heap before
{Heap before GC invocations=195 (full 0):
 garbage-first heap   total 1998848K, used 327998K [0x0000000713000000, 0x0000000800000000)
  region size 16384K, 8 young (131072K), 1 survivors (16384K)
 Metaspace       used 55045K, committed 55488K, reserved 1097728K
  class space    used 7489K, committed 7680K, reserved 1048576K
}
Event: 47.392 GC heap after
{Heap after GC invocations=196 (full 0):
 garbage-first heap   total 1998848K, used 213334K [0x0000000713000000, 0x0000000800000000)
  region size 16384K, 1 young (16384K), 1 survivors (16384K)
 Metaspace       used 55045K, committed 55488K, reserved 1097728K
  class space    used 7489K, committed 7680K, reserved 1048576K
}
Event: 47.488 GC heap before
{Heap before GC invocations=196 (full 0):
 garbage-first heap   total 1998848K, used 328022K [0x0000000713000000, 0x0000000800000000)
  region size 16384K, 8 young (131072K), 1 survivors (16384K)
 Metaspace       used 55045K, committed 55488K, reserved 1097728K
  class space    used 7489K, committed 7680K, reserved 1048576K
}
Event: 47.489 GC heap after
{Heap after GC invocations=197 (full 0):
 garbage-first heap   total 1998848K, used 213329K [0x0000000713000000, 0x0000000800000000)
  region size 16384K, 1 young (16384K), 1 survivors (16384K)
 Metaspace       used 55045K, committed 55488K, reserved 1097728K
  class space    used 7489K, committed 7680K, reserved 1048576K
}
Event: 47.630 GC heap before
{Heap before GC invocations=197 (full 0):
 garbage-first heap   total 1998848K, used 328017K [0x0000000713000000, 0x0000000800000000)
  region size 16384K, 8 young (131072K), 1 survivors (16384K)
 Metaspace       used 55045K, committed 55488K, reserved 1097728K
  class space    used 7489K, committed 7680K, reserved 1048576K
}
Event: 47.631 GC heap after
{Heap after GC invocations=198 (full 0):
 garbage-first heap   total 1998848K, used 213337K [0x0000000713000000, 0x0000000800000000)
  region size 16384K, 1 young (16384K), 1 survivors (16384K)
 Metaspace       used 55045K, committed 55488K, reserved 1097728K
  class space    used 7489K, committed 7680K, reserved 1048576K
}
Event: 47.762 GC heap before
{Heap before GC invocations=198 (full 0):
 garbage-first heap   total 1998848K, used 328025K [0x0000000713000000, 0x0000000800000000)
  region size 16384K, 8 young (131072K), 1 survivors (16384K)
 Metaspace       used 55045K, committed 55488K, reserved 1097728K
  class space    used 7489K, committed 7680K, reserved 1048576K
}
Event: 47.763 GC heap after
{Heap after GC invocations=199 (full 0):
 garbage-first heap   total 1998848K, used 213391K [0x0000000713000000, 0x0000000800000000)
  region size 16384K, 1 young (16384K), 1 survivors (16384K)
 Metaspace       used 55045K, committed 55488K, reserved 1097728K
  class space    used 7489K, committed 7680K, reserved 1048576K
}

